<?xml version="1.0" encoding="UTF-8"?>
<testsuite xmlns:xsi="http://www.w3.org/2001/XMLSchema-instance" xsi:noNamespaceSchemaLocation="https://maven.apache.org/surefire/maven-surefire-plugin/xsd/surefire-test-report-3.0.xsd" version="3.0" name="testRunner.TestRunner" time="50.762" tests="2" errors="0" skipped="0" failures="0">
  <properties>
[...]
</properties>
  <testcase name="Add a new Customer" classname="Customers" time="38.311">
    <system-out><![CDATA[
@sanity
Scenario: Add a new Customer                                                               # Features/Customers.feature:11
******Launching Browser******
  Given User Launch Chrome browser                                                         # stepDefinations.Steps.user_launch_chrome_browser()
******Opening URL******
  When User opens URL "https://admin-demo.nopcommerce.com/login"                           # stepDefinations.Steps.user_opens_url(java.lang.String)
******Providing login details******
  And User enters Email as "admin@yourstore.com" and password as "admin"                   # stepDefinations.Steps.user_enters_email_as_and_password_as(java.lang.String,java.lang.String)
******Started Login Proccess******
  And Click on Login                                                                       # stepDefinations.Steps.click_on_login()
  Then User can view Dashboard                                                             # stepDefinations.Steps.user_can_view_dashboard()
  When User click on customers Menu                                                        # stepDefinations.Steps.user_click_on_customers_menu()
  And click on Customers Menu Item                                                         # stepDefinations.Steps.click_on_customers_menu_item()
  And click on Add New button                                                              # stepDefinations.Steps.click_on_add_new_button()
  Then User can View Add new Customers Page                                                # stepDefinations.Steps.user_can_view_add_new_customers_page()
******Adding New Customer******
******Providing Customers Details******
  When User enter Customers info                                                           # stepDefinations.Steps.user_enter_customers_info()
******Saving Customers Data******
  And Click on Save button                                                                 # stepDefinations.Steps.click_on_save_button()
  Then User can view confirmaation message "The new customer has been added successfully." # stepDefinations.Steps.user_can_view_confirmaation_message(java.lang.String)
******Closing Browser******
  And close browser                                                                        # stepDefinations.Steps.close_browser()
]]></system-out>
    <system-err><![CDATA[log4j:WARN No such property [conversationPattern] in org.apache.log4j.PatternLayout.
log4j:WARN No such property [conversationPattern] in org.apache.log4j.PatternLayout.
Jan 12, 2024 10:59:35 AM org.openqa.selenium.devtools.CdpVersionFinder findNearestMatch
WARNING: Unable to find an exact match for CDP version 120, returning the closest version; found: 119; Please update to a Selenium version that supports CDP version 120
]]></system-err>
  </testcase>
  <testcase name="Login with valid credentials" classname="Login" time="11.575">
    <system-out><![CDATA[
@sanity
Scenario: Login with valid credentials                                   # Features/Login.feature:3
******Launching Browser******
  Given User Launch Chrome browser                                       # stepDefinations.Steps.user_launch_chrome_browser()
******Opening URL******
  When User opens URL "https://admin-demo.nopcommerce.com/login"         # stepDefinations.Steps.user_opens_url(java.lang.String)
******Providing login details******
  And User enters Email as "admin@yourstore.com" and password as "admin" # stepDefinations.Steps.user_enters_email_as_and_password_as(java.lang.String,java.lang.String)
******Started Login Proccess******
  And Click on Login                                                     # stepDefinations.Steps.click_on_login()
******Login Failed******
  Then Page Title should be "Dashboard / nopCommerce administration"     # stepDefinations.Steps.page_title_should_be(java.lang.String)
******Click on Logout Link******
  When User click on Log out link                                        # stepDefinations.Steps.user_click_on_log_out_link()
******Login Failed******
  Then Page Title should be "Your store. Login"                          # stepDefinations.Steps.page_title_should_be(java.lang.String)
******Closing Browser******
  And close browser                                                      # stepDefinations.Steps.close_browser()
]]></system-out>
    <system-err><![CDATA[log4j:WARN No such property [conversationPattern] in org.apache.log4j.PatternLayout.
log4j:WARN No such property [conversationPattern] in org.apache.log4j.PatternLayout.
Jan 12, 2024 11:00:13 AM org.openqa.selenium.devtools.CdpVersionFinder findNearestMatch
WARNING: Unable to find an exact match for CDP version 120, returning the closest version; found: 119; Please update to a Selenium version that supports CDP version 120
]]></system-err>
  </testcase>
</testsuite>